2024-11-29 23:09:36,305 - INFO - Inizializzazione del database Chroma...
2024-11-29 23:09:43,690 - INFO - Use pytorch device_name: cpu
2024-11-29 23:09:43,691 - INFO - Load pretrained SentenceTransformer: sentence-transformers/all-MiniLM-L6-v2
2024-11-29 23:10:05,122 - INFO - Anonymized telemetry enabled. See                     https://docs.trychroma.com/telemetry for more information.
2024-11-29 23:10:05,906 - INFO - Database Chroma inizializzato con successo.
2024-11-29 23:10:05,944 - INFO - Aggiunta dei documenti al database Chroma...
2024-11-29 23:10:06,309 - INFO - Aggiunti 3 documenti a Chroma.
2024-11-29 23:10:06,310 - INFO - Operazione completata con successo.
2024-11-29 23:13:21,380 - INFO - Inizializzazione del database Chroma...
2024-11-29 23:13:30,557 - INFO - Use pytorch device_name: cpu
2024-11-29 23:13:30,557 - INFO - Load pretrained SentenceTransformer: sentence-transformers/all-MiniLM-L6-v2
2024-11-29 23:13:34,381 - INFO - Anonymized telemetry enabled. See                     https://docs.trychroma.com/telemetry for more information.
2024-11-29 23:13:34,891 - INFO - Database Chroma inizializzato con successo.
2024-11-29 23:13:34,891 - INFO - Aggiunta dei documenti al database Chroma...
2024-11-29 23:13:35,317 - INFO - Aggiunti 3 documenti a Chroma.
2024-11-29 23:13:35,321 - INFO - Risultati: {'ids': ['df54d4f8-b42a-47e8-84c5-ba7e03a1934f', '113ebafd-e7ee-497c-b094-d74e8ed63783', 'b8a4f883-72cb-410d-a815-a76bd87f2c54', '11587e47-146d-4076-995b-ce4a8947725b', '455f525d-4935-4925-b8ee-c9491a215a86', '8bdbcc91-b629-4db4-9509-7d3a8da6ed68'], 'embeddings': None, 'documents': ["Dove posso rinnovare la carta d'identità?", "Come prenotare un appuntamento all'anagrafe?", "Orari di apertura dell'ufficio passaporti.", "Dove posso rinnovare la carta d'identità?", "Come prenotare un appuntamento all'anagrafe?", "Orari di apertura dell'ufficio passaporti."], 'uris': None, 'data': None, 'metadatas': [{'type': 'servizio'}, {'type': 'servizio'}, {'type': 'orari'}, {'type': 'servizio'}, {'type': 'servizio'}, {'type': 'orari'}], 'included': [<IncludeEnum.documents: 'documents'>, <IncludeEnum.metadatas: 'metadatas'>]}
2024-11-29 23:13:35,322 - INFO - Operazione completata con successo.
2024-11-29 23:47:11,819 - INFO - Caricamento del database Chroma da disco...
2024-11-29 23:47:20,084 - INFO - Use pytorch device_name: cpu
2024-11-29 23:47:20,086 - INFO - Load pretrained SentenceTransformer: sentence-transformers/all-MiniLM-L6-v2
2024-11-29 23:47:23,424 - ERROR - Errore durante il caricamento del database Chroma: type object 'Chroma' has no attribute 'from_disk'
2024-11-29 23:47:23,425 - ERROR - Errore nell'esecuzione del file: type object 'Chroma' has no attribute 'from_disk'
2024-11-29 23:55:16,143 - INFO - Use pytorch device_name: cpu
2024-11-29 23:55:16,144 - INFO - Load pretrained SentenceTransformer: sentence-transformers/all-MiniLM-L6-v2
